Program5/Repository_patern/app/build/intermediates/manifest_merge_blame_file/debug/manifest-merger-blame-debug-report.txt
1<?xml version="1.0" encoding="utf-8"?>
2<!--
3  ~ Copyright (C) 2019 Google Inc.
4  ~
5  ~ Licensed under the Apache License, Version 2.0 (the "License");
6  ~ you may not use this file except in compliance with the License.
7  ~ You may obtain a copy of the License at
8  ~
9  ~     http://www.apache.org/licenses/LICENSE-2.0
10  ~
11  ~ Unless required by applicable law or agreed to in writing, software
12  ~ distributed under the License is distributed on an "AS IS" BASIS,
13  ~ WITHOUT WARRANTIES OR CONDITIONS OF ANY KIND, either express or implied.
14  ~ See the License for the specific language governing permissions and
15  ~ limitations under the License.
16-->
17<manifest xmlns:android="http://schemas.android.com/apk/res/android"
18    package="com.example.android.devbyteviewer"
19    android:versionCode="1"
20    android:versionName="1.0" >
21
22    <uses-sdk
23        android:minSdkVersion="19"
23-->src\main\AndroidManifest.xml
24        android:targetSdkVersion="33" />
24-->src\main\AndroidManifest.xml
25
26    <uses-permission android:name="android.permission.INTERNET" />
26-->src\main\AndroidManifest.xml:21:5-67
26-->src\main\AndroidManifest.xml:21:22-64
27
28    <permission
28-->[androidx.core:core:1.9.0] AndroidManifest.xml:22:5-24:47
29        android:name="com.example.android.devbyteviewer.DYNAMIC_RECEIVER_NOT_EXPORTED_PERMISSION"
29-->[androidx.core:core:1.9.0] AndroidManifest.xml:23:9-81
30        android:protectionLevel="signature" />
30-->[androidx.core:core:1.9.0] AndroidManifest.xml:24:9-44
31
32    <uses-permission android:name="com.example.android.devbyteviewer.DYNAMIC_RECEIVER_NOT_EXPORTED_PERMISSION" />
32-->[androidx.core:core:1.9.0] AndroidManifest.xml:26:5-97
32-->[androidx.core:core:1.9.0] AndroidManifest.xml:26:22-94
33
34    <application
34-->src\main\AndroidManifest.xml:23:5-40:19
35        android:name="com.example.android.devbyteviewer.DevByteApplication"
35-->src\main\AndroidManifest.xml:24:9-43
36        android:allowBackup="true"
36-->src\main\AndroidManifest.xml:25:9-35
37        android:appComponentFactory="androidx.core.app.CoreComponentFactory"
37-->[androidx.core:core:1.9.0] AndroidManifest.xml:28:18-86
38        android:debuggable="true"
39        android:icon="@mipmap/ic_launcher"
39-->src\main\AndroidManifest.xml:26:9-43
40        android:label="@string/app_name"
40-->src\main\AndroidManifest.xml:27:9-41
41        android:roundIcon="@mipmap/ic_launcher_round"
41-->src\main\AndroidManifest.xml:28:9-54
42        android:supportsRtl="true"
42-->src\main\AndroidManifest.xml:29:9-35
43        android:testOnly="true"
44        android:theme="@style/AppTheme" >
44-->src\main\AndroidManifest.xml:30:9-40
45        <activity
45-->src\main\AndroidManifest.xml:32:9-39:20
46            android:name="com.example.android.devbyteviewer.ui.DevByteActivity"
46-->src\main\AndroidManifest.xml:32:19-53
47            android:exported="true" >
47-->src\main\AndroidManifest.xml:33:13-36
48            <intent-filter>
48-->src\main\AndroidManifest.xml:34:13-38:29
49                <action android:name="android.intent.action.MAIN" />
49-->src\main\AndroidManifest.xml:35:17-69
49-->src\main\AndroidManifest.xml:35:25-66
50
51                <category android:name="android.intent.category.LAUNCHER" />
51-->src\main\AndroidManifest.xml:37:17-77
51-->src\main\AndroidManifest.xml:37:27-74
52            </intent-filter>
53        </activity>
54
55        <provider
55-->[androidx.emoji2:emoji2:1.2.0] AndroidManifest.xml:24:9-32:20
56            android:name="androidx.startup.InitializationProvider"
56-->[androidx.emoji2:emoji2:1.2.0] AndroidManifest.xml:25:13-67
57            android:authorities="com.example.android.devbyteviewer.androidx-startup"
57-->[androidx.emoji2:emoji2:1.2.0] AndroidManifest.xml:26:13-68
58            android:exported="false" >
58-->[androidx.emoji2:emoji2:1.2.0] AndroidManifest.xml:27:13-37
59            <meta-data
59-->[androidx.emoji2:emoji2:1.2.0] AndroidManifest.xml:29:13-31:52
60                android:name="androidx.emoji2.text.EmojiCompatInitializer"
60-->[androidx.emoji2:emoji2:1.2.0] AndroidManifest.xml:30:17-75
61                android:value="androidx.startup" />
61-->[androidx.emoji2:emoji2:1.2.0] AndroidManifest.xml:31:17-49
62            <meta-data
62-->[androidx.lifecycle:lifecycle-process:2.4.1] AndroidManifest.xml:31:13-33:52
63                android:name="androidx.lifecycle.ProcessLifecycleInitializer"
63-->[androidx.lifecycle:lifecycle-process:2.4.1] AndroidManifest.xml:32:17-78
64                android:value="androidx.startup" />
64-->[androidx.lifecycle:lifecycle-process:2.4.1] AndroidManifest.xml:33:17-49
65        </provider>
66
67        <service
67-->[androidx.room:room-runtime:2.4.3] AndroidManifest.xml:25:9-28:40
68            android:name="androidx.room.MultiInstanceInvalidationService"
68-->[androidx.room:room-runtime:2.4.3] AndroidManifest.xml:26:13-74
69            android:directBootAware="true"
69-->[androidx.room:room-runtime:2.4.3] AndroidManifest.xml:27:13-43
70            android:exported="false" />
70-->[androidx.room:room-runtime:2.4.3] AndroidManifest.xml:28:13-37
71    </application>
72
73</manifest>